<?xml version="1.0" encoding="UTF-8"?>
<testng-results skipped="0" failed="0" total="1" passed="1">
  <reporter-output>
  </reporter-output>
  <suite name="Default suite" duration-ms="82397555" started-at="2016-01-14T11:55:26Z" finished-at="2016-01-15T10:48:44Z">
    <groups>
    </groups>
    <test name="Default test" duration-ms="82397555" started-at="2016-01-14T11:55:26Z" finished-at="2016-01-15T10:48:44Z">
      <class name="SimpleTest">
        <test-method status="PASS" signature="testEmailGenerator()[pri:0, instance:SimpleTest@5606c0b]" name="testEmailGenerator" duration-ms="82397356" started-at="2016-01-14T12:55:26Z" finished-at="2016-01-15T11:48:44Z">
          <reporter-output>
          </reporter-output>
        </test-method> <!-- testEmailGenerator -->
      </class> <!-- SimpleTest -->
    </test> <!-- Default test -->
  </suite> <!-- Default suite -->
</testng-results>
